<?xml version="1.0" encoding="UTF-8"?>
<!-- Generated by org.testng.reporters.JUnitReportReporter -->
<testsuite hostname="LPCAIQ0797" failures="0" tests="2" name="runners.Test1" time="13.618" errors="0" timestamp="2022-08-30T09:48:45 GMT+02:00" skipped="0">
  <testcase classname="runners.Test1" name="test_1" time="6.816"/>
  <system-out/>
  <testcase classname="runners.Test1" name="test_1" time="6.802"/>
  <system-out/>
</testsuite> <!-- runners.Test1 -->
