<?xml version="1.0" encoding="UTF-8"?>
<!-- Generated by org.testng.reporters.JUnitReportReporter -->
<testsuite hostname="LPCAIQ0797" failures="0" tests="1" name="runners.Test_JavascriptExecutor" time="8.171" errors="0" timestamp="2022-09-04T10:18:35 EET" skipped="0">
  <testcase classname="runners.Test_JavascriptExecutor" name="loginTest" time="8.171"/>
  <system-out/>
</testsuite> <!-- runners.Test_JavascriptExecutor -->
