<?xml version="1.0" encoding="UTF-8"?>
<!-- Generated by org.testng.reporters.JUnitReportReporter -->
<testsuite hostname="LPCAIQ0797" failures="0" tests="2" name="runners.Test_browser_actions" time="28.956" errors="0" timestamp="2022-09-04T18:54:00 EET" skipped="0">
  <testcase classname="runners.Test_browser_actions" name="test_1" time="12.050"/>
  <system-out/>
  <testcase classname="runners.Test_browser_actions" name="test_2" time="16.906"/>
  <system-out/>
</testsuite> <!-- runners.Test_browser_actions -->
