<?xml version="1.0" encoding="UTF-8"?>
<!-- Generated by org.testng.reporters.JUnitReportReporter -->
<testsuite hostname="LPCAIQ0797" failures="0" tests="2" name="runners.Test_singleton" time="10.213" errors="0" timestamp="2022-08-30T16:00:13 EET" skipped="0">
  <testcase classname="runners.Test_singleton" name="test_1" time="5.111"/>
  <system-out/>
  <testcase classname="runners.Test_singleton" name="test_1" time="5.102"/>
  <system-out/>
</testsuite> <!-- runners.Test_singleton -->
